Grammar

    0 $accept: start $end

    1 start: expr NEWLINE

    2 expr: expr '+' expr
    3     | expr '-' expr
    4     | expr '*' expr
    5     | expr '/' expr
    6     | '(' expr ')'
    7     | '-' expr
    8     | '+' expr
    9     | FLOAT


Terminals, with rules where they appear

$end (0) 0
'(' (40) 6
')' (41) 6
'*' (42) 4
'+' (43) 2 8
'-' (45) 3 7
'/' (47) 5
error (256)
FLOAT (258) 9
NEWLINE (259) 1
UMINUS (260)
UADD (261)


Nonterminals, with rules where they appear

$accept (13)
    on left: 0
start (14)
    on left: 1, on right: 0
expr (15)
    on left: 2 3 4 5 6 7 8 9, on right: 1 2 3 4 5 6 7 8


state 0

    0 $accept: . start $end

    FLOAT  shift, and go to state 1
    '+'    shift, and go to state 2
    '-'    shift, and go to state 3
    '('    shift, and go to state 4

    start  go to state 5
    expr   go to state 6


state 1

    9 expr: FLOAT .

    $default  reduce using rule 9 (expr)


state 2

    8 expr: '+' . expr

    FLOAT  shift, and go to state 1
    '+'    shift, and go to state 2
    '-'    shift, and go to state 3
    '('    shift, and go to state 4

    expr  go to state 7


state 3

    7 expr: '-' . expr

    FLOAT  shift, and go to state 1
    '+'    shift, and go to state 2
    '-'    shift, and go to state 3
    '('    shift, and go to state 4

    expr  go to state 8


state 4

    6 expr: '(' . expr ')'

    FLOAT  shift, and go to state 1
    '+'    shift, and go to state 2
    '-'    shift, and go to state 3
    '('    shift, and go to state 4

    expr  go to state 9


state 5

    0 $accept: start . $end

    $end  shift, and go to state 10


state 6

    1 start: expr . NEWLINE
    2 expr: expr . '+' expr
    3     | expr . '-' expr
    4     | expr . '*' expr
    5     | expr . '/' expr

    NEWLINE  shift, and go to state 11
    '+'      shift, and go to state 12
    '-'      shift, and go to state 13
    '*'      shift, and go to state 14
    '/'      shift, and go to state 15


state 7

    2 expr: expr . '+' expr
    3     | expr . '-' expr
    4     | expr . '*' expr
    5     | expr . '/' expr
    8     | '+' expr .

    $default  reduce using rule 8 (expr)


state 8

    2 expr: expr . '+' expr
    3     | expr . '-' expr
    4     | expr . '*' expr
    5     | expr . '/' expr
    7     | '-' expr .

    $default  reduce using rule 7 (expr)


state 9

    2 expr: expr . '+' expr
    3     | expr . '-' expr
    4     | expr . '*' expr
    5     | expr . '/' expr
    6     | '(' expr . ')'

    '+'  shift, and go to state 12
    '-'  shift, and go to state 13
    '*'  shift, and go to state 14
    '/'  shift, and go to state 15
    ')'  shift, and go to state 16


state 10

    0 $accept: start $end .

    $default  accept


state 11

    1 start: expr NEWLINE .

    $default  reduce using rule 1 (start)


state 12

    2 expr: expr '+' . expr

    FLOAT  shift, and go to state 1
    '+'    shift, and go to state 2
    '-'    shift, and go to state 3
    '('    shift, and go to state 4

    expr  go to state 17


state 13

    3 expr: expr '-' . expr

    FLOAT  shift, and go to state 1
    '+'    shift, and go to state 2
    '-'    shift, and go to state 3
    '('    shift, and go to state 4

    expr  go to state 18


state 14

    4 expr: expr '*' . expr

    FLOAT  shift, and go to state 1
    '+'    shift, and go to state 2
    '-'    shift, and go to state 3
    '('    shift, and go to state 4

    expr  go to state 19


state 15

    5 expr: expr '/' . expr

    FLOAT  shift, and go to state 1
    '+'    shift, and go to state 2
    '-'    shift, and go to state 3
    '('    shift, and go to state 4

    expr  go to state 20


state 16

    6 expr: '(' expr ')' .

    $default  reduce using rule 6 (expr)


state 17

    2 expr: expr . '+' expr
    2     | expr '+' expr .
    3     | expr . '-' expr
    4     | expr . '*' expr
    5     | expr . '/' expr

    '*'  shift, and go to state 14
    '/'  shift, and go to state 15

    $default  reduce using rule 2 (expr)


state 18

    2 expr: expr . '+' expr
    3     | expr . '-' expr
    3     | expr '-' expr .
    4     | expr . '*' expr
    5     | expr . '/' expr

    '*'  shift, and go to state 14
    '/'  shift, and go to state 15

    $default  reduce using rule 3 (expr)


state 19

    2 expr: expr . '+' expr
    3     | expr . '-' expr
    4     | expr . '*' expr
    4     | expr '*' expr .
    5     | expr . '/' expr

    $default  reduce using rule 4 (expr)


state 20

    2 expr: expr . '+' expr
    3     | expr . '-' expr
    4     | expr . '*' expr
    5     | expr . '/' expr
    5     | expr '/' expr .

    $default  reduce using rule 5 (expr)
