Grammar

    0 $accept: start $end

    1 start: ptrn NEWLINE

    2 ptrn: 'a' ptrn
    3     | 'a' 'a' 'a' 'a' 'a' 'a' 'a' 'a' 'a' 'a' 'b'


Terminals, with rules where they appear

$end (0) 0
'a' (97) 2 3
'b' (98) 3
error (256)
NEWLINE (258) 1


Nonterminals, with rules where they appear

$accept (6)
    on left: 0
start (7)
    on left: 1, on right: 0
ptrn (8)
    on left: 2 3, on right: 1 2


state 0

    0 $accept: . start $end

    'a'  shift, and go to state 1

    start  go to state 2
    ptrn   go to state 3


state 1

    2 ptrn: 'a' . ptrn
    3     | 'a' . 'a' 'a' 'a' 'a' 'a' 'a' 'a' 'a' 'a' 'b'

    'a'  shift, and go to state 4

    ptrn  go to state 5


state 2

    0 $accept: start . $end

    $end  shift, and go to state 6


state 3

    1 start: ptrn . NEWLINE

    NEWLINE  shift, and go to state 7


state 4

    2 ptrn: 'a' . ptrn
    3     | 'a' . 'a' 'a' 'a' 'a' 'a' 'a' 'a' 'a' 'a' 'b'
    3     | 'a' 'a' . 'a' 'a' 'a' 'a' 'a' 'a' 'a' 'a' 'b'

    'a'  shift, and go to state 8

    ptrn  go to state 5


state 5

    2 ptrn: 'a' ptrn .

    $default  reduce using rule 2 (ptrn)


state 6

    0 $accept: start $end .

    $default  accept


state 7

    1 start: ptrn NEWLINE .

    $default  reduce using rule 1 (start)


state 8

    2 ptrn: 'a' . ptrn
    3     | 'a' . 'a' 'a' 'a' 'a' 'a' 'a' 'a' 'a' 'a' 'b'
    3     | 'a' 'a' . 'a' 'a' 'a' 'a' 'a' 'a' 'a' 'a' 'b'
    3     | 'a' 'a' 'a' . 'a' 'a' 'a' 'a' 'a' 'a' 'a' 'b'

    'a'  shift, and go to state 9

    ptrn  go to state 5


state 9

    2 ptrn: 'a' . ptrn
    3     | 'a' . 'a' 'a' 'a' 'a' 'a' 'a' 'a' 'a' 'a' 'b'
    3     | 'a' 'a' . 'a' 'a' 'a' 'a' 'a' 'a' 'a' 'a' 'b'
    3     | 'a' 'a' 'a' . 'a' 'a' 'a' 'a' 'a' 'a' 'a' 'b'
    3     | 'a' 'a' 'a' 'a' . 'a' 'a' 'a' 'a' 'a' 'a' 'b'

    'a'  shift, and go to state 10

    ptrn  go to state 5


state 10

    2 ptrn: 'a' . ptrn
    3     | 'a' . 'a' 'a' 'a' 'a' 'a' 'a' 'a' 'a' 'a' 'b'
    3     | 'a' 'a' . 'a' 'a' 'a' 'a' 'a' 'a' 'a' 'a' 'b'
    3     | 'a' 'a' 'a' . 'a' 'a' 'a' 'a' 'a' 'a' 'a' 'b'
    3     | 'a' 'a' 'a' 'a' . 'a' 'a' 'a' 'a' 'a' 'a' 'b'
    3     | 'a' 'a' 'a' 'a' 'a' . 'a' 'a' 'a' 'a' 'a' 'b'

    'a'  shift, and go to state 11

    ptrn  go to state 5


state 11

    2 ptrn: 'a' . ptrn
    3     | 'a' . 'a' 'a' 'a' 'a' 'a' 'a' 'a' 'a' 'a' 'b'
    3     | 'a' 'a' . 'a' 'a' 'a' 'a' 'a' 'a' 'a' 'a' 'b'
    3     | 'a' 'a' 'a' . 'a' 'a' 'a' 'a' 'a' 'a' 'a' 'b'
    3     | 'a' 'a' 'a' 'a' . 'a' 'a' 'a' 'a' 'a' 'a' 'b'
    3     | 'a' 'a' 'a' 'a' 'a' . 'a' 'a' 'a' 'a' 'a' 'b'
    3     | 'a' 'a' 'a' 'a' 'a' 'a' . 'a' 'a' 'a' 'a' 'b'

    'a'  shift, and go to state 12

    ptrn  go to state 5


state 12

    2 ptrn: 'a' . ptrn
    3     | 'a' . 'a' 'a' 'a' 'a' 'a' 'a' 'a' 'a' 'a' 'b'
    3     | 'a' 'a' . 'a' 'a' 'a' 'a' 'a' 'a' 'a' 'a' 'b'
    3     | 'a' 'a' 'a' . 'a' 'a' 'a' 'a' 'a' 'a' 'a' 'b'
    3     | 'a' 'a' 'a' 'a' . 'a' 'a' 'a' 'a' 'a' 'a' 'b'
    3     | 'a' 'a' 'a' 'a' 'a' . 'a' 'a' 'a' 'a' 'a' 'b'
    3     | 'a' 'a' 'a' 'a' 'a' 'a' . 'a' 'a' 'a' 'a' 'b'
    3     | 'a' 'a' 'a' 'a' 'a' 'a' 'a' . 'a' 'a' 'a' 'b'

    'a'  shift, and go to state 13

    ptrn  go to state 5


state 13

    2 ptrn: 'a' . ptrn
    3     | 'a' . 'a' 'a' 'a' 'a' 'a' 'a' 'a' 'a' 'a' 'b'
    3     | 'a' 'a' . 'a' 'a' 'a' 'a' 'a' 'a' 'a' 'a' 'b'
    3     | 'a' 'a' 'a' . 'a' 'a' 'a' 'a' 'a' 'a' 'a' 'b'
    3     | 'a' 'a' 'a' 'a' . 'a' 'a' 'a' 'a' 'a' 'a' 'b'
    3     | 'a' 'a' 'a' 'a' 'a' . 'a' 'a' 'a' 'a' 'a' 'b'
    3     | 'a' 'a' 'a' 'a' 'a' 'a' . 'a' 'a' 'a' 'a' 'b'
    3     | 'a' 'a' 'a' 'a' 'a' 'a' 'a' . 'a' 'a' 'a' 'b'
    3     | 'a' 'a' 'a' 'a' 'a' 'a' 'a' 'a' . 'a' 'a' 'b'

    'a'  shift, and go to state 14

    ptrn  go to state 5


state 14

    2 ptrn: 'a' . ptrn
    3     | 'a' . 'a' 'a' 'a' 'a' 'a' 'a' 'a' 'a' 'a' 'b'
    3     | 'a' 'a' . 'a' 'a' 'a' 'a' 'a' 'a' 'a' 'a' 'b'
    3     | 'a' 'a' 'a' . 'a' 'a' 'a' 'a' 'a' 'a' 'a' 'b'
    3     | 'a' 'a' 'a' 'a' . 'a' 'a' 'a' 'a' 'a' 'a' 'b'
    3     | 'a' 'a' 'a' 'a' 'a' . 'a' 'a' 'a' 'a' 'a' 'b'
    3     | 'a' 'a' 'a' 'a' 'a' 'a' . 'a' 'a' 'a' 'a' 'b'
    3     | 'a' 'a' 'a' 'a' 'a' 'a' 'a' . 'a' 'a' 'a' 'b'
    3     | 'a' 'a' 'a' 'a' 'a' 'a' 'a' 'a' . 'a' 'a' 'b'
    3     | 'a' 'a' 'a' 'a' 'a' 'a' 'a' 'a' 'a' . 'a' 'b'

    'a'  shift, and go to state 15

    ptrn  go to state 5


state 15

    2 ptrn: 'a' . ptrn
    3     | 'a' . 'a' 'a' 'a' 'a' 'a' 'a' 'a' 'a' 'a' 'b'
    3     | 'a' 'a' . 'a' 'a' 'a' 'a' 'a' 'a' 'a' 'a' 'b'
    3     | 'a' 'a' 'a' . 'a' 'a' 'a' 'a' 'a' 'a' 'a' 'b'
    3     | 'a' 'a' 'a' 'a' . 'a' 'a' 'a' 'a' 'a' 'a' 'b'
    3     | 'a' 'a' 'a' 'a' 'a' . 'a' 'a' 'a' 'a' 'a' 'b'
    3     | 'a' 'a' 'a' 'a' 'a' 'a' . 'a' 'a' 'a' 'a' 'b'
    3     | 'a' 'a' 'a' 'a' 'a' 'a' 'a' . 'a' 'a' 'a' 'b'
    3     | 'a' 'a' 'a' 'a' 'a' 'a' 'a' 'a' . 'a' 'a' 'b'
    3     | 'a' 'a' 'a' 'a' 'a' 'a' 'a' 'a' 'a' . 'a' 'b'
    3     | 'a' 'a' 'a' 'a' 'a' 'a' 'a' 'a' 'a' 'a' . 'b'

    'a'  shift, and go to state 15
    'b'  shift, and go to state 16

    ptrn  go to state 5


state 16

    3 ptrn: 'a' 'a' 'a' 'a' 'a' 'a' 'a' 'a' 'a' 'a' 'b' .

    $default  reduce using rule 3 (ptrn)
